#
# A fatal error has been detected by the Java Runtime Environment:
#
#  EXCEPTION_ACCESS_VIOLATION (0xc0000005) at pc=0x000000005576aa30, pid=17076, tid=0x0000000000000b50
#
# JRE version: OpenJDK Runtime Environment (8.0_152-b02) (build 1.8.0_152-release-1024-b02)
# Java VM: OpenJDK 64-Bit Server VM (25.152-b02 mixed mode windows-amd64 compressed oops)
# Problematic frame:
# V  [jvm.dll+0x8aa30]
#
# Failed to write core dump. Minidumps are not enabled by default on client versions of Windows
#
# If you would like to submit a bug report, please visit:
#   http://bugreport.java.com/bugreport/crash.jsp
#

---------------  T H R E A D  ---------------

Current thread (0x0000000002a3a800):  GCTaskThread [stack: 0x00000000125f0000,0x00000000126f0000] [id=2896]

siginfo: ExceptionCode=0xc0000005, reading address 0x000000078b6dbb88

Registers:
RAX=0x0000000000000000, RBX=0x00000000f16db760, RCX=0x00000000f16db760, RDX=0x000000078b6dbb80
RSP=0x00000000126ef7f8, RBP=0x0000000011ef4801, RSI=0x00000000164533c0, RDI=0x00000000a28f2608
R8 =0x00000000164533c0, R9 =0x000000000000000a, R10=0x0000000000000008, R11=0x00000000ef0ac060
R12=0x0000000011ef4792, R13=0x00000000000000b0, R14=0x0000000000000000, R15=0x0000000002a31b80
RIP=0x000000005576aa30, EFLAGS=0x0000000000010202

Top of Stack: (sp=0x00000000126ef7f8)
0x00000000126ef7f8:   0000000055aacc82 00000000f36db748
0x00000000126ef808:   0000000000000003 00000000164533c0
0x00000000126ef818:   00000000f3c6fd80 00000000ef0a4070
0x00000000126ef828:   0000000000001000 00000000a7bcd1d0
0x00000000126ef838:   0000000000000400 0000000000000000
0x00000000126ef848:   0000000016453300 0000000011ef4792
0x00000000126ef858:   0000000055aacff0 00000000ef0aba54
0x00000000126ef868:   0000000011ef4801 00000000164533c0
0x00000000126ef878:   00000000a28f2608 00000000ef0aba54
0x00000000126ef888:   0000000055aadb95 00000000f36d50e8
0x00000000126ef898:   0000000011ef4801 00000000164533c0
0x00000000126ef8a8:   00000000164533c0 00000000164533c0
0x00000000126ef8b8:   00000000557a6e0a 00000000a153de44
0x00000000126ef8c8:   00000000557cf6c7 00000000164533c0
0x00000000126ef8d8:   00000000557cd883 00000000a24f3d29
0x00000000126ef8e8:   00000000a24f3d29 00000000a28f24f0 

Instructions: (pc=0x000000005576aa30)
0x000000005576aa10:   6c 4e 1d 00 48 8b 9c 24 c0 00 00 00 48 81 c4 b0
0x000000005576aa20:   00 00 00 5d c3 cc cc cc cc cc cc cc cc cc cc cc
0x000000005576aa30:   44 8b 42 08 4c 8b ca 45 85 c0 7e 0e 41 f6 c0 01
0x000000005576aa40:   75 57 41 c1 f8 03 41 8b c0 c3 79 4d 80 3d 7e fe 


Register to memory mapping:

RAX=0x0000000000000000 is an unknown value
RBX=0x00000000f16db760 is an oop

[error occurred during error reporting (printing register info), id 0xc0000005]

Stack: [0x00000000125f0000,0x00000000126f0000],  sp=0x00000000126ef7f8,  free space=1021k
Native frames: (J=compiled Java code, j=interpreted, Vv=VM code, C=native code)
V  [jvm.dll+0x8aa30]


---------------  P R O C E S S  ---------------

Java Threads: ( => current thread )
  0x0000000019966800 JavaThread "pool-349-thread-1" [_thread_blocked, id=14564, stack(0x00000000736c0000,0x00000000737c0000)]
  0x0000000018a4c800 JavaThread "ForkJoinPool.commonPool-worker-6" daemon [_thread_blocked, id=8752, stack(0x00000000705c0000,0x00000000706c0000)]
  0x0000000019966000 JavaThread "ForkJoinPool.commonPool-worker-5" daemon [_thread_blocked, id=9696, stack(0x000000006f9c0000,0x000000006fac0000)]
  0x0000000018a47000 JavaThread "ForkJoinPool.commonPool-worker-4" daemon [_thread_blocked, id=15340, stack(0x000000006f6c0000,0x000000006f7c0000)]
  0x000000001f875800 JavaThread "ForkJoinPool.commonPool-worker-2" daemon [_thread_blocked, id=7448, stack(0x000000006a420000,0x000000006a520000)]
  0x000000001f86f800 JavaThread "ForkJoinPool.commonPool-worker-0" daemon [_thread_blocked, id=9648, stack(0x000000006a220000,0x000000006a320000)]
  0x000000001f890000 JavaThread "Cache worker for Java compile cache (C:\Users\EAGLE\AndroidStudioProjects\PopularMoviesStage2\.gradle\4.4\javaCompile)" [_thread_blocked, id=17616, stack(0x0000000069e20000,0x0000000069f20000)]
  0x000000001f893800 JavaThread "Task worker for ':' Thread 3" [_thread_blocked, id=6468, stack(0x0000000069d20000,0x0000000069e20000)]
  0x000000001f896800 JavaThread "Task worker for ':' Thread 2" [_thread_blocked, id=16116, stack(0x0000000069c20000,0x0000000069d20000)]
  0x000000001f894800 JavaThread "Task worker for ':'" [_thread_blocked, id=11780, stack(0x0000000069b20000,0x0000000069c20000)]
  0x000000001f893000 JavaThread "Cache worker for Build Output Cleanup Cache (C:\Users\EAGLE\AndroidStudioProjects\PopularMoviesStage2\.gradle\buildOutputCleanup)" [_thread_blocked, id=9692, stack(0x0000000069a20000,0x0000000069b20000)]
  0x000000001f896000 JavaThread "Cache worker for task history cache (C:\Users\EAGLE\AndroidStudioProjects\PopularMoviesStage2\.gradle\4.4\taskHistory)" [_thread_blocked, id=3600, stack(0x0000000069920000,0x0000000069a20000)]
  0x000000001f88a800 JavaThread "Cache worker for file content cache (C:\Users\EAGLE\AndroidStudioProjects\PopularMoviesStage2\.gradle\4.4\fileContent)" [_thread_blocked, id=8608, stack(0x0000000069820000,0x0000000069920000)]
  0x000000001f88a000 JavaThread "build operations Thread 4" [_thread_blocked, id=11664, stack(0x0000000069720000,0x0000000069820000)]
  0x000000001f88c000 JavaThread "build operations Thread 3" [_thread_blocked, id=11056, stack(0x0000000069620000,0x0000000069720000)]
  0x000000001f888800 JavaThread "build operations Thread 2" [_thread_blocked, id=6136, stack(0x0000000069520000,0x0000000069620000)]
  0x0000000023e18800 JavaThread "build operations" [_thread_blocked, id=13112, stack(0x0000000069420000,0x0000000069520000)]
  0x0000000023e1e800 JavaThread "Cache worker for Artifact transforms cache (C:\Users\EAGLE\.gradle\caches\transforms-1)" [_thread_blocked, id=17008, stack(0x0000000069320000,0x0000000069420000)]
  0x0000000023e17000 JavaThread "Cache worker for file hash cache (C:\Users\EAGLE\AndroidStudioProjects\PopularMoviesStage2\.gradle\4.4\fileHashes)" [_thread_blocked, id=16736, stack(0x0000000069220000,0x0000000069320000)]
  0x0000000023e1e000 JavaThread "Stdin handler" [_thread_blocked, id=7840, stack(0x0000000069120000,0x0000000069220000)]
  0x0000000023e1d000 JavaThread "Asynchronous log dispatcher for DefaultDaemonConnection: socket connection from /127.0.0.1:63056 to /127.0.0.1:54054" [_thread_blocked, id=7664, stack(0x0000000069020000,0x0000000069120000)]
  0x0000000023e1b800 JavaThread "Daemon worker Thread 46" [_thread_blocked, id=14940, stack(0x0000000068f20000,0x0000000069020000)]
  0x0000000023e14000 JavaThread "Cancel handler" [_thread_blocked, id=16268, stack(0x0000000068e20000,0x0000000068f20000)]
  0x0000000023e1b000 JavaThread "Handler for socket connection from /127.0.0.1:63056 to /127.0.0.1:54054" [_thread_in_native, id=1324, stack(0x0000000068d20000,0x0000000068e20000)]
  0x0000000023e0f800 JavaThread "Daemon Thread 46" [_thread_blocked, id=572, stack(0x0000000068c20000,0x0000000068d20000)]
  0x0000000018a4d000 JavaThread "Java2D Disposer" daemon [_thread_blocked, id=17424, stack(0x0000000062120000,0x0000000062220000)]
  0x000000001f88d800 JavaThread "pool-20-thread-1" [_thread_blocked, id=12784, stack(0x0000000031e50000,0x0000000031f50000)]
  0x000000001f891800 JavaThread "pool-9-thread-4" [_thread_blocked, id=16048, stack(0x000000002f850000,0x000000002f950000)]
  0x000000001f86f000 JavaThread "pool-9-thread-3" [_thread_blocked, id=17212, stack(0x000000002df50000,0x000000002e050000)]
  0x000000001f88e800 JavaThread "pool-9-thread-2" [_thread_blocked, id=2672, stack(0x000000002c550000,0x000000002c650000)]
  0x000000001f870800 JavaThread "pool-9-thread-1" [_thread_blocked, id=3252, stack(0x000000002ad50000,0x000000002ae50000)]
  0x0000000019967800 JavaThread "Memory manager" [_thread_blocked, id=8396, stack(0x0000000020bb0000,0x0000000020cb0000)]
  0x0000000019969000 JavaThread "pool-1-thread-1" [_thread_blocked, id=13620, stack(0x00000000208b0000,0x00000000209b0000)]
  0x00000000195e6000 JavaThread "File lock request listener" [_thread_in_native, id=6832, stack(0x000000001afa0000,0x000000001b0a0000)]
  0x00000000195c6800 JavaThread "Cache worker for file hash cache (C:\Users\EAGLE\.gradle\caches\4.4\fileHashes)" [_thread_blocked, id=12424, stack(0x000000001aea0000,0x000000001afa0000)]
  0x00000000192c7000 JavaThread "Daemon periodic checks" [_thread_blocked, id=11672, stack(0x000000001a3a0000,0x000000001a4a0000)]
  0x00000000192c1800 JavaThread "Incoming local TCP Connector on port 63056" [_thread_in_native, id=17312, stack(0x000000001a130000,0x000000001a230000)]
  0x00000000164ec000 JavaThread "Service Thread" daemon [_thread_blocked, id=12480, stack(0x0000000018220000,0x0000000018320000)]
  0x00000000164c6000 JavaThread "C1 CompilerThread2" daemon [_thread_blocked, id=9768, stack(0x0000000017d20000,0x0000000017e20000)]
  0x0000000016491000 JavaThread "C2 CompilerThread1" daemon [_thread_blocked, id=3384, stack(0x0000000017c20000,0x0000000017d20000)]
  0x000000001648c000 JavaThread "C2 CompilerThread0" daemon [_thread_blocked, id=15612, stack(0x0000000017b20000,0x0000000017c20000)]
  0x0000000016497000 JavaThread "Attach Listener" daemon [_thread_blocked, id=7440, stack(0x0000000017a20000,0x0000000017b20000)]
  0x0000000016495800 JavaThread "Signal Dispatcher" daemon [_thread_blocked, id=9160, stack(0x0000000017920000,0x0000000017a20000)]
  0x0000000016478800 JavaThread "Finalizer" daemon [_thread_blocked, id=4056, stack(0x0000000017700000,0x0000000017800000)]
  0x0000000002b11800 JavaThread "Reference Handler" daemon [_thread_blocked, id=10376, stack(0x0000000017600000,0x0000000017700000)]
  0x00000000028ad800 JavaThread "main" [_thread_blocked, id=16436, stack(0x0000000002920000,0x0000000002a20000)]

Other Threads:
  0x0000000016456000 VMThread [stack: 0x0000000017500000,0x0000000017600000] [id=15184]
  0x00000000164ec800 WatcherThread [stack: 0x0000000018320000,0x0000000018420000] [id=11004]

=>0x0000000002a3a800 (exited) GCTaskThread [stack: 0x00000000125f0000,0x00000000126f0000] [id=2896]

VM state:at safepoint (normal execution)

VM Mutex/Monitor currently owned by a thread:  ([mutex/lock_event])
[0x00000000028acce0] Threads_lock - owner thread: 0x0000000016456000
[0x00000000028acbe0] Heap_lock - owner thread: 0x0000000018a4c800

Heap:
 PSYoungGen      total 308224K, used 259742K [0x00000000e0000000, 0x00000000f7300000, 0x0000000100000000)
  eden space 239616K, 99% used [0x00000000e0000000,0x00000000ee969c68,0x00000000eea00000)
  from space 68608K, 30% used [0x00000000f2d80000,0x00000000f41bdf20,0x00000000f7080000)
  to   space 69120K, 24% used [0x00000000eea00000,0x00000000efada840,0x00000000f2d80000)
 ParOldGen       total 306688K, used 127935K [0x00000000a0000000, 0x00000000b2b80000, 0x00000000e0000000)
  object space 306688K, 41% used [0x00000000a0000000,0x00000000a7cefff0,0x00000000b2b80000)
 Metaspace       used 323619K, capacity 333294K, committed 334284K, reserved 1343488K
  class space    used 37241K, capacity 39508K, committed 39680K, reserved 1048576K

Card table byte_map: [0x0000000011ee0000,0x00000000121f0000] byte_map_base: 0x00000000119e0000

Marking Bits: (ParMarkBitMap*) 0x0000000055ea4970
 Begin Bits: [0x00000000127f0000, 0x0000000013ff0000)
 End Bits:   [0x0000000013ff0000, 0x00000000157f0000)

Polling page: 0x0000000001030000

CodeCache: size=245760Kb used=133524Kb max_used=133777Kb free=112236Kb
 bounds [0x0000000002b20000, 0x000000000ae70000, 0x0000000011b20000]
 total_blobs=35150 nmethods=34132 adapters=928
 compilation: enabled

Compilation events (10 events):
Event: 33192.020 Thread 0x00000000164c6000 nmethod 45979 0x0000000006bf3fd0 code [0x0000000006bf4120, 0x0000000006bf4210]
Event: 33192.020 Thread 0x000000001648c000 45980       4       com.android.apksig.internal.apk.v1.V1SchemeSigner::checkEntryNameValid (75 bytes)
Event: 33192.024 Thread 0x0000000016491000 nmethod 45978 0x000000000737af90 code [0x000000000737b100, 0x000000000737b788]
Event: 33192.025 Thread 0x000000001648c000 nmethod 45980 0x0000000009c61450 code [0x0000000009c615a0, 0x0000000009c61898]
Event: 33192.025 Thread 0x00000000164c6000 45981       3       com.android.apkzlib.zip.ZFile::add (12 bytes)
Event: 33192.026 Thread 0x00000000164c6000 nmethod 45981 0x0000000009c623d0 code [0x0000000009c625c0, 0x0000000009c62c38]
Event: 33192.027 Thread 0x00000000164c6000 45982       3       java.util.stream.ReferencePipeline$11::opWrapSink (10 bytes)
Event: 33192.028 Thread 0x00000000164c6000 nmethod 45982 0x0000000009c61b10 code [0x0000000009c61ca0, 0x0000000009c620e8]
Event: 33192.037 Thread 0x0000000016491000 45983       4       com.google.common.io.Closer::<init> (28 bytes)
Event: 33192.042 Thread 0x0000000016491000 nmethod 45983 0x0000000009918510 code [0x0000000009918660, 0x0000000009918878]

GC Heap History (10 events):
Event: 33171.725 GC heap after
Heap after GC invocations=72 (full 6):
 PSYoungGen      total 271872K, used 23145K [0x00000000e0000000, 0x00000000f5e00000, 0x0000000100000000)
  eden space 206336K, 0% used [0x00000000e0000000,0x00000000e0000000,0x00000000ec980000)
  from space 65536K, 35% used [0x00000000f0b80000,0x00000000f221a480,0x00000000f4b80000)
  to   space 67584K, 0% used [0x00000000ec980000,0x00000000ec980000,0x00000000f0b80000)
 ParOldGen       total 306688K, used 121087K [0x00000000a0000000, 0x00000000b2b80000, 0x00000000e0000000)
  object space 306688K, 39% used [0x00000000a0000000,0x00000000a763ff40,0x00000000b2b80000)
 Metaspace       used 323419K, capacity 333068K, committed 334284K, reserved 1343488K
  class space    used 37229K, capacity 39496K, committed 39680K, reserved 1048576K
}
Event: 33178.645 GC heap before
{Heap before GC invocations=73 (full 6):
 PSYoungGen      total 271872K, used 229481K [0x00000000e0000000, 0x00000000f5e00000, 0x0000000100000000)
  eden space 206336K, 100% used [0x00000000e0000000,0x00000000ec980000,0x00000000ec980000)
  from space 65536K, 35% used [0x00000000f0b80000,0x00000000f221a480,0x00000000f4b80000)
  to   space 67584K, 0% used [0x00000000ec980000,0x00000000ec980000,0x00000000f0b80000)
 ParOldGen       total 306688K, used 121087K [0x00000000a0000000, 0x00000000b2b80000, 0x00000000e0000000)
  object space 306688K, 39% used [0x00000000a0000000,0x00000000a763ff40,0x00000000b2b80000)
 Metaspace       used 323505K, capacity 333128K, committed 334284K, reserved 1343488K
  class space    used 37238K, capacity 39506K, committed 39680K, reserved 1048576K
Event: 33178.673 GC heap after
Heap after GC invocations=73 (full 6):
 PSYoungGen      total 273920K, used 22972K [0x00000000e0000000, 0x00000000f5d80000, 0x0000000100000000)
  eden space 206336K, 0% used [0x00000000e0000000,0x00000000e0000000,0x00000000ec980000)
  from space 67584K, 33% used [0x00000000ec980000,0x00000000edfef040,0x00000000f0b80000)
  to   space 68608K, 0% used [0x00000000f1a80000,0x00000000f1a80000,0x00000000f5d80000)
 ParOldGen       total 306688K, used 122235K [0x00000000a0000000, 0x00000000b2b80000, 0x00000000e0000000)
  object space 306688K, 39% used [0x00000000a0000000,0x00000000a775ed60,0x00000000b2b80000)
 Metaspace       used 323505K, capacity 333128K, committed 334284K, reserved 1343488K
  class space    used 37238K, capacity 39506K, committed 39680K, reserved 1048576K
}
Event: 33184.609 GC heap before
{Heap before GC invocations=74 (full 6):
 PSYoungGen      total 273920K, used 229308K [0x00000000e0000000, 0x00000000f5d80000, 0x0000000100000000)
  eden space 206336K, 100% used [0x00000000e0000000,0x00000000ec980000,0x00000000ec980000)
  from space 67584K, 33% used [0x00000000ec980000,0x00000000edfef040,0x00000000f0b80000)
  to   space 68608K, 0% used [0x00000000f1a80000,0x00000000f1a80000,0x00000000f5d80000)
 ParOldGen       total 306688K, used 122235K [0x00000000a0000000, 0x00000000b2b80000, 0x00000000e0000000)
  object space 306688K, 39% used [0x00000000a0000000,0x00000000a775ed60,0x00000000b2b80000)
 Metaspace       used 323548K, capacity 333214K, committed 334284K, reserved 1343488K
  class space    used 37239K, capacity 39508K, committed 39680K, reserved 1048576K
Event: 33184.638 GC heap after
Heap after GC invocations=74 (full 6):
 PSYoungGen      total 288768K, used 22980K [0x00000000e0000000, 0x00000000f5e80000, 0x0000000100000000)
  eden space 220160K, 0% used [0x00000000e0000000,0x00000000e0000000,0x00000000ed700000)
  from space 68608K, 33% used [0x00000000f1a80000,0x00000000f30f1290,0x00000000f5d80000)
  to   space 69120K, 0% used [0x00000000ed700000,0x00000000ed700000,0x00000000f1a80000)
 ParOldGen       total 306688K, used 124453K [0x00000000a0000000, 0x00000000b2b80000, 0x00000000e0000000)
  object space 306688K, 40% used [0x00000000a0000000,0x00000000a7989590,0x00000000b2b80000)
 Metaspace       used 323548K, capacity 333214K, committed 334284K, reserved 1343488K
  class space    used 37239K, capacity 39508K, committed 39680K, reserved 1048576K
}
Event: 33187.719 GC heap before
{Heap before GC invocations=75 (full 6):
 PSYoungGen      total 288768K, used 243140K [0x00000000e0000000, 0x00000000f5e80000, 0x0000000100000000)
  eden space 220160K, 100% used [0x00000000e0000000,0x00000000ed700000,0x00000000ed700000)
  from space 68608K, 33% used [0x00000000f1a80000,0x00000000f30f1290,0x00000000f5d80000)
  to   space 69120K, 0% used [0x00000000ed700000,0x00000000ed700000,0x00000000f1a80000)
 ParOldGen       total 306688K, used 124453K [0x00000000a0000000, 0x00000000b2b80000, 0x00000000e0000000)
  object space 306688K, 40% used [0x00000000a0000000,0x00000000a7989590,0x00000000b2b80000)
 Metaspace       used 323578K, capacity 333214K, committed 334284K, reserved 1343488K
  class space    used 37241K, capacity 39508K, committed 39680K, reserved 1048576K
Event: 33187.769 GC heap after
Heap after GC invocations=75 (full 6):
 PSYoungGen      total 289280K, used 45320K [0x00000000e0000000, 0x00000000f7080000, 0x0000000100000000)
  eden space 220160K, 0% used [0x00000000e0000000,0x00000000e0000000,0x00000000ed700000)
  from space 69120K, 65% used [0x00000000ed700000,0x00000000f0342170,0x00000000f1a80000)
  to   space 68608K, 0% used [0x00000000f2d80000,0x00000000f2d80000,0x00000000f7080000)
 ParOldGen       total 306688K, used 125616K [0x00000000a0000000, 0x00000000b2b80000, 0x00000000e0000000)
  object space 306688K, 40% used [0x00000000a0000000,0x00000000a7aac3b0,0x00000000b2b80000)
 Metaspace       used 323578K, capacity 333214K, committed 334284K, reserved 1343488K
  class space    used 37241K, capacity 39508K, committed 39680K, reserved 1048576K
}
Event: 33190.626 GC heap before
{Heap before GC invocations=76 (full 6):
 PSYoungGen      total 289280K, used 265110K [0x00000000e0000000, 0x00000000f7080000, 0x0000000100000000)
  eden space 220160K, 99% used [0x00000000e0000000,0x00000000ed6a3800,0x00000000ed700000)
  from space 69120K, 65% used [0x00000000ed700000,0x00000000f0342170,0x00000000f1a80000)
  to   space 68608K, 0% used [0x00000000f2d80000,0x00000000f2d80000,0x00000000f7080000)
 ParOldGen       total 306688K, used 125616K [0x00000000a0000000, 0x00000000b2b80000, 0x00000000e0000000)
  object space 306688K, 40% used [0x00000000a0000000,0x00000000a7aac3b0,0x00000000b2b80000)
 Metaspace       used 323593K, capacity 333218K, committed 334284K, reserved 1343488K
  class space    used 37241K, capacity 39508K, committed 39680K, reserved 1048576K
Event: 33190.661 GC heap after
Heap after GC invocations=76 (full 6):
 PSYoungGen      total 308224K, used 20727K [0x00000000e0000000, 0x00000000f7300000, 0x0000000100000000)
  eden space 239616K, 0% used [0x00000000e0000000,0x00000000e0000000,0x00000000eea00000)
  from space 68608K, 30% used [0x00000000f2d80000,0x00000000f41bdf20,0x00000000f7080000)
  to   space 69120K, 0% used [0x00000000eea00000,0x00000000eea00000,0x00000000f2d80000)
 ParOldGen       total 306688K, used 126772K [0x00000000a0000000, 0x00000000b2b80000, 0x00000000e0000000)
  object space 306688K, 41% used [0x00000000a0000000,0x00000000a7bcd1d0,0x00000000b2b80000)
 Metaspace       used 323593K, capacity 333218K, committed 334284K, reserved 1343488K
  class space    used 37241K, capacity 39508K, committed 39680K, reserved 1048576K
}
Event: 33192.077 GC heap before
{Heap before GC invocations=77 (full 6):
 PSYoungGen      total 308224K, used 259742K [0x00000000e0000000, 0x00000000f7300000, 0x0000000100000000)
  eden space 239616K, 99% used [0x00000000e0000000,0x00000000ee969c68,0x00000000eea00000)
  from space 68608K, 30% used [0x00000000f2d80000,0x00000000f41bdf20,0x00000000f7080000)
  to   space 69120K, 0% used [0x00000000eea00000,0x00000000eea00000,0x00000000f2d80000)
 ParOldGen       total 306688K, used 126772K [0x00000000a0000000, 0x00000000b2b80000, 0x00000000e0000000)
  object space 306688K, 41% used [0x00000000a0000000,0x00000000a7bcd1d0,0x00000000b2b80000)
 Metaspace       used 323619K, capacity 333294K, committed 334284K, reserved 1343488K
  class space    used 37241K, capacity 39508K, committed 39680K, reserved 1048576K

Deoptimization events (10 events):
Event: 33185.029 Thread 0x0000000018a4e800 Uncommon trap: reason=array_check action=maybe_recompile pc=0x00000000054bf5f4 method=com.android.tools.r8.com.google.common.collect.ImmutableList.copyIntoArray([Ljava/lang/Object;I)I @ 25
Event: 33185.030 Thread 0x0000000018a4e800 Uncommon trap: reason=array_check action=maybe_recompile pc=0x00000000054bf5f4 method=com.android.tools.r8.com.google.common.collect.ImmutableList.copyIntoArray([Ljava/lang/Object;I)I @ 25
Event: 33185.030 Thread 0x0000000018a4e800 Uncommon trap: reason=array_check action=maybe_recompile pc=0x00000000054bf5f4 method=com.android.tools.r8.com.google.common.collect.ImmutableList.copyIntoArray([Ljava/lang/Object;I)I @ 25
Event: 33185.339 Thread 0x0000000018a48000 Uncommon trap: reason=unstable_if action=reinterpret pc=0x000000000719e9c0 method=java.util.concurrent.ConcurrentHashMap.computeIfAbsent(Ljava/lang/Object;Ljava/util/function/Function;)Ljava/lang/Object; @ 456
Event: 33185.345 Thread 0x0000000018a48000 Uncommon trap: reason=unstable_if action=reinterpret pc=0x000000000742ce34 method=java.util.concurrent.ConcurrentHashMap.transfer([Ljava/util/concurrent/ConcurrentHashMap$Node;[Ljava/util/concurrent/ConcurrentHashMap$Node;)V @ 356
Event: 33187.405 Thread 0x000000001f894800 Uncommon trap: reason=unstable_if action=reinterpret pc=0x00000000077ee834 method=java.util.concurrent.ConcurrentHashMap.putVal(Ljava/lang/Object;Ljava/lang/Object;Z)Ljava/lang/Object; @ 331
Event: 33187.696 Thread 0x0000000018a4c800 Uncommon trap: reason=unstable_if action=reinterpret pc=0x00000000034b6264 method=com.android.tools.r8.graph.DexValue.defaultForType(Lcom/android/tools/r8/graph/DexType;Lcom/android/tools/r8/graph/DexItemFactory;)Lcom/android/tools/r8/graph/DexValue; @ 77
Event: 33188.385 Thread 0x000000001f875800 Uncommon trap: reason=unstable_if action=reinterpret pc=0x00000000065f08b0 method=java.nio.Bits.copyToArray(JLjava/lang/Object;JJJ)V @ 19
Event: 33191.933 Thread 0x0000000018a4c800 Uncommon trap: reason=bimorphic action=maybe_recompile pc=0x0000000004c98d64 method=com.google.common.collect.Iterators.addAll(Ljava/util/Collection;Ljava/util/Iterator;)Z @ 24
Event: 33191.933 Thread 0x0000000018a4c800 Uncommon trap: reason=unstable_if action=reinterpret pc=0x0000000004adaebc method=com.google.common.collect.RegularImmutableMap.fromEntryArray(I[Ljava/util/Map$Entry;)Lcom/google/common/collect/RegularImmutableMap; @ 123

Classes redefined (0 events):
No events

Internal exceptions (10 events):
Event: 33188.421 Thread 0x0000000018a4e800 Exception <a 'sun/nio/fs/WindowsException'> (0x00000000e48c69d0) thrown at [D:\src\AOSP-openjdk-cygwin\jdk8u\hotspot\src\share\vm\prims\jni.cpp, line 709]
Event: 33188.430 Thread 0x0000000019969800 Exception <a 'sun/nio/fs/WindowsException'> (0x00000000e4988668) thrown at [D:\src\AOSP-openjdk-cygwin\jdk8u\hotspot\src\share\vm\prims\jni.cpp, line 709]
Event: 33188.432 Thread 0x0000000019966800 Exception <a 'sun/nio/fs/WindowsException'> (0x00000000e4a4a858) thrown at [D:\src\AOSP-openjdk-cygwin\jdk8u\hotspot\src\share\vm\prims\jni.cpp, line 709]
Event: 33188.464 Thread 0x0000000018a47000 Exception <a 'sun/nio/fs/WindowsException'> (0x00000000e40eec30) thrown at [D:\src\AOSP-openjdk-cygwin\jdk8u\hotspot\src\share\vm\prims\jni.cpp, line 709]
Event: 33188.466 Thread 0x0000000018bc0800 Exception <a 'sun/nio/fs/WindowsException'> (0x00000000e4ca0550) thrown at [D:\src\AOSP-openjdk-cygwin\jdk8u\hotspot\src\share\vm\prims\jni.cpp, line 709]
Event: 33188.484 Thread 0x000000001f872000 Exception <a 'sun/nio/fs/WindowsException'> (0x00000000e4c56488) thrown at [D:\src\AOSP-openjdk-cygwin\jdk8u\hotspot\src\share\vm\prims\jni.cpp, line 709]
Event: 33188.489 Thread 0x000000001f878000 Exception <a 'sun/nio/fs/WindowsException'> (0x00000000e50724c0) thrown at [D:\src\AOSP-openjdk-cygwin\jdk8u\hotspot\src\share\vm\prims\jni.cpp, line 709]
Event: 33188.493 Thread 0x0000000019966000 Exception <a 'sun/nio/fs/WindowsException'> (0x00000000e479b050) thrown at [D:\src\AOSP-openjdk-cygwin\jdk8u\hotspot\src\share\vm\prims\jni.cpp, line 709]
Event: 33188.547 Thread 0x0000000018a45800 Exception <a 'sun/nio/fs/WindowsException'> (0x00000000e5bcc0a8) thrown at [D:\src\AOSP-openjdk-cygwin\jdk8u\hotspot\src\share\vm\prims\jni.cpp, line 709]
Event: 33189.000 Thread 0x000000001f879000 Exception <a 'sun/nio/fs/WindowsException'> (0x00000000e9cb9db8) thrown at [D:\src\AOSP-openjdk-cygwin\jdk8u\hotspot\src\share\vm\prims\jni.cpp, line 709]

Events (10 events):
Event: 33191.933 Thread 0x0000000018a4c800 DEOPT PACKING pc=0x0000000004adaebc sp=0x00000000706beec0
Event: 33191.936 Thread 0x0000000019966800 Thread exited: 0x0000000019966800
Event: 33191.945 Thread 0x0000000018a4c800 DEOPT UNPACKING pc=0x0000000002b6557b sp=0x00000000706bee58 mode 2
Event: 33191.955 Thread 0x0000000019966800 Thread added: 0x0000000019966800
Event: 33191.956 Executing VM operation: RevokeBias
Event: 33191.957 Executing VM operation: RevokeBias done
Event: 33191.981 Thread 0x0000000018bbf000 Thread exited: 0x0000000018bbf000
Event: 33191.996 Thread 0x0000000018a52800 Thread exited: 0x0000000018a52800
Event: 33192.065 Thread 0x0000000023e11000 Thread exited: 0x0000000023e11000
Event: 33192.077 Executing VM operation: ParallelGCFailedAllocation


Dynamic libraries:
0x00007ff6431d0000 - 0x00007ff643201000 	C:\Program Files\Android\Android Studio\jre\bin\java.exe
0x00007ffc349a0000 - 0x00007ffc34b81000 	C:\WINDOWS\SYSTEM32\ntdll.dll
0x00007ffc098a0000 - 0x00007ffc098d4000 	C:\Program Files\AVG\Antivirus\x64\aswhooka.dll
0x00007ffc31e50000 - 0x00007ffc31f02000 	C:\WINDOWS\System32\KERNEL32.DLL
0x00007ffc31530000 - 0x00007ffc317a3000 	C:\WINDOWS\System32\KERNELBASE.dll
0x00007ffc32360000 - 0x00007ffc32401000 	C:\WINDOWS\System32\ADVAPI32.dll
0x00007ffc32440000 - 0x00007ffc324de000 	C:\WINDOWS\System32\msvcrt.dll
0x00007ffc343e0000 - 0x00007ffc3443b000 	C:\WINDOWS\System32\sechost.dll
0x00007ffc345b0000 - 0x00007ffc346d4000 	C:\WINDOWS\System32\RPCRT4.dll
0x00007ffc32840000 - 0x00007ffc329d0000 	C:\WINDOWS\System32\USER32.dll
0x00007ffc317b0000 - 0x00007ffc317d0000 	C:\WINDOWS\System32\win32u.dll
0x00007ffc324e0000 - 0x00007ffc32508000 	C:\WINDOWS\System32\GDI32.dll
0x00007ffc31850000 - 0x00007ffc319e2000 	C:\WINDOWS\System32\gdi32full.dll
0x00007ffc31d90000 - 0x00007ffc31e2f000 	C:\WINDOWS\System32\msvcp_win.dll
0x00007ffc31c90000 - 0x00007ffc31d8a000 	C:\WINDOWS\System32\ucrtbase.dll
0x00007ffc1e5a0000 - 0x00007ffc1e809000 	C:\WINDOWS\WinSxS\amd64_microsoft.windows.common-controls_6595b64144ccf1df_6.0.17134.165_none_fb429645306569ac\COMCTL32.dll
0x00007ffc32510000 - 0x00007ffc32833000 	C:\WINDOWS\System32\combase.dll
0x00007ffc317d0000 - 0x00007ffc3184a000 	C:\WINDOWS\System32\bcryptPrimitives.dll
0x00007ffc32410000 - 0x00007ffc3243d000 	C:\WINDOWS\System32\IMM32.DLL
0x00000000554a0000 - 0x0000000055572000 	C:\Program Files\Android\Android Studio\jre\jre\bin\msvcr100.dll
0x00000000556e0000 - 0x0000000055f1f000 	C:\Program Files\Android\Android Studio\jre\jre\bin\server\jvm.dll
0x00007ffc32f20000 - 0x00007ffc32f28000 	C:\WINDOWS\System32\PSAPI.DLL
0x00007ffc28610000 - 0x00007ffc28619000 	C:\WINDOWS\SYSTEM32\WSOCK32.dll
0x00007ffc34900000 - 0x00007ffc3496c000 	C:\WINDOWS\System32\WS2_32.dll
0x00007ffc2ea80000 - 0x00007ffc2eaa3000 	C:\WINDOWS\SYSTEM32\WINMM.dll
0x00007ffc281f0000 - 0x00007ffc281fa000 	C:\WINDOWS\SYSTEM32\VERSION.dll
0x00007ffc2ea00000 - 0x00007ffc2ea2a000 	C:\WINDOWS\SYSTEM32\WINMMBASE.dll
0x00007ffc30d70000 - 0x00007ffc30db9000 	C:\WINDOWS\System32\cfgmgr32.dll
0x00007ffc28600000 - 0x00007ffc2860f000 	C:\Program Files\Android\Android Studio\jre\jre\bin\verify.dll
0x00007ffc281c0000 - 0x00007ffc281e9000 	C:\Program Files\Android\Android Studio\jre\jre\bin\java.dll
0x00007ffc27760000 - 0x00007ffc27776000 	C:\Program Files\Android\Android Studio\jre\jre\bin\zip.dll
0x00007ffc32fa0000 - 0x00007ffc343e0000 	C:\WINDOWS\System32\SHELL32.dll
0x00007ffc34780000 - 0x00007ffc34829000 	C:\WINDOWS\System32\shcore.dll
0x00007ffc30e20000 - 0x00007ffc3152d000 	C:\WINDOWS\System32\windows.storage.dll
0x00007ffc32f40000 - 0x00007ffc32f91000 	C:\WINDOWS\System32\shlwapi.dll
0x00007ffc30ce0000 - 0x00007ffc30cf1000 	C:\WINDOWS\System32\kernel.appcore.dll
0x00007ffc30cc0000 - 0x00007ffc30cdf000 	C:\WINDOWS\System32\profapi.dll
0x00007ffc30d00000 - 0x00007ffc30d4c000 	C:\WINDOWS\System32\powrprof.dll
0x00007ffc30cb0000 - 0x00007ffc30cba000 	C:\WINDOWS\System32\FLTLIB.DLL
0x00007ffc2c940000 - 0x00007ffc2c95a000 	C:\Program Files\Android\Android Studio\jre\jre\bin\net.dll
0x00007ffc304d0000 - 0x00007ffc30536000 	C:\WINDOWS\system32\mswsock.dll
0x00007ffc2c920000 - 0x00007ffc2c931000 	C:\Program Files\Android\Android Studio\jre\jre\bin\nio.dll
0x00007ffc1b2a0000 - 0x00007ffc1b2be000 	C:\Users\EAGLE\.gradle\native\25\windows-amd64\native-platform.dll
0x00007ffc2d670000 - 0x00007ffc2d67d000 	C:\Program Files\Android\Android Studio\jre\jre\bin\management.dll
0x00007ffc30690000 - 0x00007ffc306a7000 	C:\WINDOWS\SYSTEM32\CRYPTSP.dll
0x00007ffc300b0000 - 0x00007ffc300e3000 	C:\WINDOWS\system32\rsaenh.dll
0x00007ffc307b0000 - 0x00007ffc307d5000 	C:\WINDOWS\SYSTEM32\bcrypt.dll
0x00007ffc30be0000 - 0x00007ffc30c08000 	C:\WINDOWS\SYSTEM32\USERENV.dll
0x00007ffc30680000 - 0x00007ffc3068b000 	C:\WINDOWS\SYSTEM32\CRYPTBASE.dll
0x00007ffc30250000 - 0x00007ffc30288000 	C:\WINDOWS\SYSTEM32\IPHLPAPI.DLL
0x00007ffc32f30000 - 0x00007ffc32f38000 	C:\WINDOWS\System32\NSI.dll
0x00007ffc29930000 - 0x00007ffc29946000 	C:\WINDOWS\SYSTEM32\dhcpcsvc6.DLL
0x00007ffc29980000 - 0x00007ffc2999a000 	C:\WINDOWS\SYSTEM32\dhcpcsvc.DLL
0x00007ffc2afa0000 - 0x00007ffc2afc4000 	C:\Program Files\Android\Android Studio\jre\jre\bin\sunec.dll
0x00007ffc30290000 - 0x00007ffc3034e000 	C:\WINDOWS\SYSTEM32\DNSAPI.dll
0x00007ffc21940000 - 0x00007ffc2194a000 	C:\Windows\System32\rasadhlp.dll
0x00007ffc25bd0000 - 0x00007ffc25c42000 	C:\WINDOWS\System32\fwpuclnt.dll
0x00007ffc2f0b0000 - 0x00007ffc2f0bb000 	C:\Program Files\Android\Android Studio\jre\jre\bin\sunmscapi.dll
0x00007ffc31aa0000 - 0x00007ffc31c82000 	C:\WINDOWS\System32\CRYPT32.dll
0x00007ffc30d50000 - 0x00007ffc30d62000 	C:\WINDOWS\System32\MSASN1.dll
0x00007ffc2fda0000 - 0x00007ffc2fdd1000 	C:\WINDOWS\SYSTEM32\ntmarta.dll
0x0000000031c70000 - 0x0000000031d62000 	C:\Users\EAGLE\AppData\Local\Temp\room-40050a50-ff3c-4412-960d-21a3cb43b0e9\sqlite-3.20.1-baee8fa8-d9da-4dcf-bfd1-a6654dac75c7-sqlitejdbc.dll
0x000000006adc0000 - 0x000000006aeb2000 	C:\Users\EAGLE\AppData\Local\Temp\room-4ff14ca4-7631-45b5-bc61-8c6a8c7dfbb9\sqlite-3.20.1-18c2620f-076a-4f9f-abc3-b30c28251529-sqlitejdbc.dll
0x000000001c170000 - 0x000000001c262000 	C:\Users\EAGLE\AppData\Local\Temp\room-ea60017a-24d6-4512-83e0-54ea5acd0c66\sqlite-3.20.1-ca615de7-c5ae-4f80-86fd-d84a63357cf4-sqlitejdbc.dll
0x000000001d470000 - 0x000000001d562000 	C:\Users\EAGLE\AppData\Local\Temp\room-82dd23f9-efed-45e9-b63b-bd54437f233f\sqlite-3.20.1-036464a0-8939-4b65-8e31-cbbe81c38c79-sqlitejdbc.dll
0x000000001eb40000 - 0x000000001ec32000 	C:\Users\EAGLE\AppData\Local\Temp\room-605ff82d-0b9d-4c44-ac19-030fa768dd00\sqlite-3.20.1-cc7816e1-93a3-4a1b-94fc-48e141e1c652-sqlitejdbc.dll
0x000000001fec0000 - 0x000000001ffb2000 	C:\Users\EAGLE\AppData\Local\Temp\room-565027bb-0187-4c49-bbcb-325fc4b126f8\sqlite-3.20.1-272b53d7-eeac-4011-b55a-bca020c8e7d0-sqlitejdbc.dll
0x00000000212b0000 - 0x00000000213a2000 	C:\Users\EAGLE\AppData\Local\Temp\room-8df1af5c-b257-4ccb-92d5-18d0978e1ae9\sqlite-3.20.1-98441e28-cf76-4294-8d48-889130dfe701-sqlitejdbc.dll
0x00000000215c0000 - 0x00000000216b2000 	C:\Users\EAGLE\AppData\Local\Temp\room-146aa93b-d20e-4d10-8fca-fcc5a47bf297\sqlite-3.20.1-25f23b45-42e2-4cc8-9fc9-c25e81ecb7ff-sqlitejdbc.dll
0x000000002c450000 - 0x000000002c542000 	C:\Users\EAGLE\AppData\Local\Temp\room-b1159699-b17e-49a2-bc88-a0d3a417059a\sqlite-3.20.1-29bab091-1028-4ae1-a60a-3defd2b5722b-sqlitejdbc.dll
0x000000002de50000 - 0x000000002df42000 	C:\Users\EAGLE\AppData\Local\Temp\room-06a43381-a14b-4a16-8f36-ab1cd2c3b509\sqlite-3.20.1-48f1ed0c-b0da-4194-86d5-6a89f1091e11-sqlitejdbc.dll
0x000000002e850000 - 0x000000002e942000 	C:\Users\EAGLE\AppData\Local\Temp\room-3af260ca-606a-4a2f-ad5b-f5262c6d93d0\sqlite-3.20.1-4b84cbfc-a626-4714-af01-4c92272a04fa-sqlitejdbc.dll
0x000000002fb50000 - 0x000000002fc42000 	C:\Users\EAGLE\AppData\Local\Temp\room-306485c1-0d18-49a4-8b0f-65ca44827a59\sqlite-3.20.1-fe0a4ec7-46b7-46de-a5bb-c2cdd8583aa7-sqlitejdbc.dll
0x000000002fe50000 - 0x000000002ff42000 	C:\Users\EAGLE\AppData\Local\Temp\room-36979092-799f-4bd9-9120-5a1df52def7e\sqlite-3.20.1-17e5905a-da0d-475e-aad7-fe27d657e2f8-sqlitejdbc.dll
0x0000000030770000 - 0x0000000030862000 	C:\Users\EAGLE\AppData\Local\Temp\room-353ca7c4-25bb-48ff-846e-8db8b15e6c60\sqlite-3.20.1-354ad4a1-1d56-48ad-b14f-9eddf659500f-sqlitejdbc.dll
0x0000000031270000 - 0x0000000031362000 	C:\Users\EAGLE\AppData\Local\Temp\room-cb3203ee-5a02-46e7-819c-dfb0adc182b5\sqlite-3.20.1-e9f53b58-e1f1-494f-b391-7148d4beec97-sqlitejdbc.dll
0x00007ffbfb8c0000 - 0x00007ffbfba56000 	C:\Program Files\Android\Android Studio\jre\jre\bin\awt.dll
0x00007ffc34830000 - 0x00007ffc348f2000 	C:\WINDOWS\System32\OLEAUT32.dll
0x00007ffc2e290000 - 0x00007ffc2e857000 	C:\WINDOWS\SYSTEM32\d2d1.dll
0x00007ffc2f100000 - 0x00007ffc2f18b000 	C:\WINDOWS\SYSTEM32\apphelp.dll
0x00007ffc2f440000 - 0x00007ffc2f469000 	C:\WINDOWS\system32\DWMAPI.DLL
0x00007ffc2f2c0000 - 0x00007ffc2f358000 	C:\WINDOWS\system32\uxtheme.dll
0x0000000031770000 - 0x0000000031862000 	C:\Users\EAGLE\AppData\Local\Temp\room-b6822591-659b-4f8d-baac-d5a4d96ef715\sqlite-3.20.1-6f629258-5ca3-4482-aca9-d0517205956e-sqlitejdbc.dll
0x0000000032550000 - 0x0000000032642000 	C:\Users\EAGLE\AppData\Local\Temp\room-de4e0b85-cf3a-46bb-be68-7c637567619a\sqlite-3.20.1-5278a8d2-90f5-4ab3-ae76-3cb590d53c60-sqlitejdbc.dll
0x0000000036020000 - 0x0000000036112000 	C:\Users\EAGLE\AppData\Local\Temp\room-9dd12eef-51fd-4bfa-b4e3-1fb7384b52a4\sqlite-3.20.1-fb79e4e6-6822-462c-8057-82329906f64d-sqlitejdbc.dll
0x00007ffc1d0f0000 - 0x00007ffc1d2b9000 	C:\WINDOWS\SYSTEM32\dbghelp.dll

VM Arguments:
jvm_args: -Xmx1536m -Dfile.encoding=windows-1252 -Duser.country=DE -Duser.language=de -Duser.variant 
java_command: org.gradle.launcher.daemon.bootstrap.GradleDaemon 4.4
java_class_path (initial): C:\Users\EAGLE\.gradle\wrapper\dists\gradle-4.4-all\9br9xq1tocpiv8o6njlyu5op1\gradle-4.4\lib\gradle-launcher-4.4.jar
Launcher Type: SUN_STANDARD

Environment Variables:
PATH=C:\Program Files (x86)\Common Files\Oracle\Java\javapath;C:\Program Files (x86)\Intel\iCLS Client\;C:\Program Files\Intel\iCLS Client\;C:\WINDOWS\system32;C:\WINDOWS;C:\WINDOWS\System32\Wbem;C:\WINDOWS\System32\WindowsPowerShell\v1.0\;C:\Program Files (x86)\Intel\Intel(R) Management Engine Components\DAL;C:\Program Files\Intel\Intel(R) Management Engine Components\DAL;C:\Program Files (x86)\Intel\Intel(R) Management Engine Components\IPT;C:\Program Files\Intel\Intel(R) Management Engine Components\IPT;C:\Program Files (x86)\AOMEI Backupper;C:\Program Files\Git\cmd;C:\sqlite;;C:\WINDOWS\System32\OpenSSH\;C:\Users\EAGLE\AppData\Local\Microsoft\WindowsApps;
USERNAME=EAGLE
OS=Windows_NT
PROCESSOR_IDENTIFIER=Intel64 Family 6 Model 58 Stepping 9, GenuineIntel



---------------  S Y S T E M  ---------------

OS: Windows 10.0 , 64 bit Build 17134 (10.0.17134.1)

CPU:total 4 (initial active 4) (2 cores per cpu, 2 threads per core) family 6 model 58 stepping 9, cmov, cx8, fxsr, mmx, sse, sse2, sse3, ssse3, sse4.1, sse4.2, popcnt, avx, aes, clmul, erms, ht, tsc, tscinvbit, tscinv

Memory: 4k page, physical 8289540k(1052512k free), swap 16894668k(2947364k free)

vm_info: OpenJDK 64-Bit Server VM (25.152-b02) for windows-amd64 JRE (1.8.0_152-release-1024-b02), built by "builder" with MS VC++ 10.0 (VS2010)

time: Tue Jul 31 17:02:00 2018
elapsed time: 33192 seconds (0d 9h 13m 12s)

