#
# A fatal error has been detected by the Java Runtime Environment:
#
#  EXCEPTION_ACCESS_VIOLATION (0xc0000005) at pc=0x00000000557cf308, pid=19400, tid=0x0000000000003aac
#
# JRE version: OpenJDK Runtime Environment (8.0_152-b02) (build 1.8.0_152-release-1024-b02)
# Java VM: OpenJDK 64-Bit Server VM (25.152-b02 mixed mode windows-amd64 compressed oops)
# Problematic frame:
# V  [jvm.dll+0xef308]
#
# Failed to write core dump. Minidumps are not enabled by default on client versions of Windows
#
# If you would like to submit a bug report, please visit:
#   http://bugreport.java.com/bugreport/crash.jsp
#

---------------  T H R E A D  ---------------

Current thread (0x0000000002587800):  GCTaskThread [stack: 0x0000000011f40000,0x0000000012040000] [id=15020]

siginfo: ExceptionCode=0xc0000005, reading address 0xffffffffffffffff

Registers:
RAX=0x0000000012340000, RBX=0x0000000002000000, RCX=0x0000000000000000, RDX=0x0000000000000000
RSP=0x000000001203f2d0, RBP=0x00000000a33a875c, RSI=0x000000000265d7c0, RDI=0x000000000265d7c0
R8 =0x007fffffffb10000, R9 =0x0000000100001df8, R10=0x000000000000000c, R11=0x0000000055ca9d58
R12=0x00000000a33a8784, R13=0x0000000100002068, R14=0x0000000100002070, R15=0x00000000a33a8740
RIP=0x00000000557cf308, EFLAGS=0x0000000000010246

Top of Stack: (sp=0x000000001203f2d0)
0x000000001203f2d0:   0000000100001df8 0000000000000005
0x000000001203f2e0:   00000000a33a889c 00000000557cef29
0x000000001203f2f0:   0000000000000000 00000000000003d8
0x000000001203f300:   0000000002587ee8 0000000002581ea0
0x000000001203f310:   00000000a33a8740 00000000557d4ec5
0x000000001203f320:   00000000a33a87a8 000000000265d7c0
0x000000001203f330:   000000000265d7c0 0000000002587b10
0x000000001203f340:   00000000026119f0 0000000055aa4030
0x000000001203f350:   000000000265d7c0 0000000002581ea0
0x000000001203f360:   0000000002587b10 000000000000075c
0x000000001203f370:   00000d17000000fa 0000000000000c00
0x000000001203f380:   0000000000000000 0000000000000000
0x000000001203f390:   0000000000000000 000000001ba63800
0x000000001203f3a0:   0000000000000001 0000293100000d01
0x000000001203f3b0:   00002e76f07d29fe 0000000002587ee8
0x000000001203f3c0:   0000000002587b10 00000000000003d8 

Instructions: (pc=0x00000000557cf308)
0x00000000557cf2e8:   05 83 56 6d 00 49 c1 e8 03 49 d3 e8 41 0f b6 c0
0x00000000557cf2f8:   49 c1 e8 06 24 3f 0f b6 d0 48 8b 05 98 56 6d 00
0x00000000557cf308:   4a 8b 0c c0 48 0f a3 d1 0f 82 59 01 00 00 0f b6
0x00000000557cf318:   15 b4 b5 6c 00 84 d2 74 16 44 8b 43 08 8b 0d 2d 


Register to memory mapping:

RAX=0x0000000012340000 is an unknown value
RBX=0x0000000002000000 is an unknown value
RCX=0x0000000000000000 is an unknown value
RDX=0x0000000000000000 is an unknown value
RSP=0x000000001203f2d0 is an unknown value
RBP=0x00000000a33a875c is pointing into object: 0x00000000a33a8740
java.lang.Class 
 - klass: 'java/lang/Class'
RSI=0x000000000265d7c0 is an unknown value
RDI=0x000000000265d7c0 is an unknown value
R8 =0x007fffffffb10000 is an unknown value
R9 =0x0000000100001df8 is pointing into metadata
R10=0x000000000000000c is an unknown value
R11=0x0000000055ca9d58 is an unknown value
R12=0x00000000a33a8784 is pointing into object: 0x00000000a33a8740
java.lang.Class 
 - klass: 'java/lang/Class'
R13=0x0000000100002068 is pointing into metadata
R14=0x0000000100002070 is pointing into metadata
R15=0x00000000a33a8740 is an oop
java.lang.Class 
 - klass: 'java/lang/Class'


Stack: [0x0000000011f40000,0x0000000012040000],  sp=0x000000001203f2d0,  free space=1020k
Native frames: (J=compiled Java code, j=interpreted, Vv=VM code, C=native code)
V  [jvm.dll+0xef308]
V  [jvm.dll+0xf4ec5]
V  [jvm.dll+0x3c4030]
V  [jvm.dll+0x3c0dc3]
V  [jvm.dll+0x3beb9e]
V  [jvm.dll+0x26d7ea]
C  [msvcr100.dll+0x21d9f]
C  [msvcr100.dll+0x21e3b]
C  [KERNEL32.DLL+0x13034]
C  [ntdll.dll+0x71431]


---------------  P R O C E S S  ---------------

Java Threads: ( => current thread )
  0x000000001be6d000 JavaThread "pool-5-thread-2" [_thread_blocked, id=10244, stack(0x0000000026eb0000,0x0000000026fb0000)]
  0x000000001be70000 JavaThread "pool-4-thread-2" [_thread_blocked, id=9876, stack(0x0000000026db0000,0x0000000026eb0000)]
  0x000000001be6c800 JavaThread "pool-3-thread-2" [_thread_blocked, id=10032, stack(0x0000000026cb0000,0x0000000026db0000)]
  0x000000001be6a000 JavaThread "pool-5-thread-1" [_thread_blocked, id=17372, stack(0x0000000026bb0000,0x0000000026cb0000)]
  0x000000001be71000 JavaThread "pool-4-thread-1" [_thread_blocked, id=8132, stack(0x0000000026ab0000,0x0000000026bb0000)]
  0x000000001be6b000 JavaThread "pool-3-thread-1" [_thread_blocked, id=19140, stack(0x00000000269b0000,0x0000000026ab0000)]
  0x000000001be6b800 JavaThread "ForkJoinPool.commonPool-worker-0" daemon [_thread_blocked, id=19188, stack(0x00000000266b0000,0x00000000267b0000)]
  0x000000001be6f800 JavaThread "ForkJoinPool.commonPool-worker-3" daemon [_thread_blocked, id=4792, stack(0x00000000265b0000,0x00000000266b0000)]
  0x000000001ec36000 JavaThread "ForkJoinPool.commonPool-worker-2" daemon [_thread_blocked, id=17052, stack(0x00000000261e0000,0x00000000262e0000)]
  0x000000001ba63800 JavaThread "Cache worker for Java compile cache (C:\Users\EAGLE\AndroidStudioProjects\PopularMoviesStage2\.gradle\4.4\javaCompile)" [_thread_blocked, id=13308, stack(0x00000000260e0000,0x00000000261e0000)]
  0x000000001ba62000 JavaThread "Task worker for ':' Thread 3" [_thread_blocked, id=5688, stack(0x0000000025fe0000,0x00000000260e0000)]
  0x000000001ec3f800 JavaThread "Task worker for ':' Thread 2" [_thread_blocked, id=9108, stack(0x0000000025ee0000,0x0000000025fe0000)]
  0x000000001ec40800 JavaThread "Task worker for ':'" [_thread_blocked, id=4280, stack(0x0000000025de0000,0x0000000025ee0000)]
  0x000000001ec38000 JavaThread "Cache worker for Build Output Cleanup Cache (C:\Users\EAGLE\AndroidStudioProjects\PopularMoviesStage2\.gradle\buildOutputCleanup)" [_thread_blocked, id=14068, stack(0x0000000025ce0000,0x0000000025de0000)]
  0x000000001ec3c000 JavaThread "Cache worker for task history cache (C:\Users\EAGLE\AndroidStudioProjects\PopularMoviesStage2\.gradle\4.4\taskHistory)" [_thread_blocked, id=15548, stack(0x0000000025be0000,0x0000000025ce0000)]
  0x000000001ec3a800 JavaThread "Cache worker for file content cache (C:\Users\EAGLE\AndroidStudioProjects\PopularMoviesStage2\.gradle\4.4\fileContent)" [_thread_blocked, id=17424, stack(0x0000000025ae0000,0x0000000025be0000)]
  0x000000001ec39800 JavaThread "pool-2-thread-1" [_thread_blocked, id=6568, stack(0x00000000259e0000,0x0000000025ae0000)]
  0x000000001ec3e000 JavaThread "build operations Thread 4" [_thread_blocked, id=15940, stack(0x00000000258e0000,0x00000000259e0000)]
  0x000000001ec3f000 JavaThread "build operations Thread 3" [_thread_blocked, id=19336, stack(0x00000000257e0000,0x00000000258e0000)]
  0x000000001ec3d800 JavaThread "build operations Thread 2" [_thread_blocked, id=8472, stack(0x00000000256e0000,0x00000000257e0000)]
  0x000000001ec34800 JavaThread "build operations" [_thread_blocked, id=8580, stack(0x00000000255e0000,0x00000000256e0000)]
  0x000000001ec37800 JavaThread "Cache worker for Artifact transforms cache (C:\Users\EAGLE\.gradle\caches\transforms-1)" [_thread_blocked, id=12908, stack(0x00000000254e0000,0x00000000255e0000)]
  0x000000001ec3b000 JavaThread "Cache worker for file hash cache (C:\Users\EAGLE\AndroidStudioProjects\PopularMoviesStage2\.gradle\4.4\fileHashes)" [_thread_blocked, id=14324, stack(0x00000000253e0000,0x00000000254e0000)]
  0x000000001ec31800 JavaThread "Stdin handler" [_thread_blocked, id=14212, stack(0x00000000252e0000,0x00000000253e0000)]
  0x000000001ec33800 JavaThread "Asynchronous log dispatcher for DefaultDaemonConnection: socket connection from /127.0.0.1:65418 to /127.0.0.1:49636" [_thread_blocked, id=15156, stack(0x00000000251e0000,0x00000000252e0000)]
  0x000000001ec32000 JavaThread "Daemon worker Thread 2" [_thread_blocked, id=9248, stack(0x00000000250e0000,0x00000000251e0000)]
  0x000000001ec35000 JavaThread "Cancel handler" [_thread_blocked, id=6652, stack(0x0000000024fe0000,0x00000000250e0000)]
  0x000000001ec33000 JavaThread "Handler for socket connection from /127.0.0.1:65418 to /127.0.0.1:49636" [_thread_in_native, id=10828, stack(0x0000000024ee0000,0x0000000024fe0000)]
  0x000000001ec36800 JavaThread "Daemon Thread 2" [_thread_blocked, id=6984, stack(0x0000000024de0000,0x0000000024ee0000)]
  0x000000001ba60000 JavaThread "Memory manager" [_thread_blocked, id=18752, stack(0x0000000020690000,0x0000000020790000)]
  0x000000001ba5f000 JavaThread "pool-1-thread-1" [_thread_blocked, id=1492, stack(0x000000001ff30000,0x0000000020030000)]
  0x0000000018fe2000 JavaThread "File lock request listener" [_thread_in_native, id=16668, stack(0x000000001aad0000,0x000000001abd0000)]
  0x00000000191d5800 JavaThread "Cache worker for file hash cache (C:\Users\EAGLE\.gradle\caches\4.4\fileHashes)" [_thread_blocked, id=14764, stack(0x000000001a9d0000,0x000000001aad0000)]
  0x0000000018eff000 JavaThread "Daemon periodic checks" [_thread_blocked, id=8892, stack(0x0000000019ed0000,0x0000000019fd0000)]
  0x0000000018ee4800 JavaThread "Incoming local TCP Connector on port 65418" [_thread_in_native, id=11676, stack(0x0000000019c60000,0x0000000019d60000)]
  0x0000000017978800 JavaThread "Service Thread" daemon [_thread_blocked, id=10712, stack(0x0000000017d50000,0x0000000017e50000)]
  0x0000000015fe9000 JavaThread "C1 CompilerThread2" daemon [_thread_blocked, id=792, stack(0x0000000017850000,0x0000000017950000)]
  0x0000000015fe2000 JavaThread "C2 CompilerThread1" daemon [_thread_blocked, id=5904, stack(0x0000000017750000,0x0000000017850000)]
  0x0000000015fdd000 JavaThread "C2 CompilerThread0" daemon [_thread_blocked, id=9684, stack(0x0000000017650000,0x0000000017750000)]
  0x0000000015fdb000 JavaThread "Attach Listener" daemon [_thread_blocked, id=12148, stack(0x0000000017550000,0x0000000017650000)]
  0x0000000015fd9800 JavaThread "Signal Dispatcher" daemon [_thread_blocked, id=17104, stack(0x0000000017450000,0x0000000017550000)]
  0x0000000002668800 JavaThread "Finalizer" daemon [_thread_blocked, id=18956, stack(0x0000000017230000,0x0000000017330000)]
  0x0000000002663000 JavaThread "Reference Handler" daemon [_thread_blocked, id=17616, stack(0x0000000017130000,0x0000000017230000)]
  0x00000000023ee000 JavaThread "main" [_thread_blocked, id=16024, stack(0x0000000002470000,0x0000000002570000)]

Other Threads:
  0x0000000015fa5800 VMThread [stack: 0x0000000017030000,0x0000000017130000] [id=11852]
  0x000000001603e800 WatcherThread [stack: 0x0000000017e50000,0x0000000017f50000] [id=16884]

=>0x0000000002587800 (exited) GCTaskThread [stack: 0x0000000011f40000,0x0000000012040000] [id=15020]

VM state:at safepoint (normal execution)

VM Mutex/Monitor currently owned by a thread:  ([mutex/lock_event])
[0x00000000023ec930] Threads_lock - owner thread: 0x0000000015fa5800
[0x00000000023ed230] Heap_lock - owner thread: 0x000000001be70000

Heap:
 PSYoungGen      total 388096K, used 22069K [0x00000000e0000000, 0x00000000fa080000, 0x0000000100000000)
  eden space 354816K, 0% used [0x00000000e0000000,0x00000000e0000000,0x00000000f5a80000)
  from space 33280K, 66% used [0x00000000f8000000,0x00000000f958d510,0x00000000fa080000)
  to   space 35840K, 0% used [0x00000000f5a80000,0x00000000f5a80000,0x00000000f7d80000)
 ParOldGen       total 145408K, used 73096K [0x00000000a0000000, 0x00000000a8e00000, 0x00000000e0000000)
  object space 145408K, 50% used [0x00000000a0000000,0x00000000a4762180,0x00000000a8e00000)
 Metaspace       used 94163K, capacity 98310K, committed 98348K, reserved 1134592K
  class space    used 12344K, capacity 13276K, committed 13312K, reserved 1048576K

Card table byte_map: [0x0000000011a30000,0x0000000011d40000] byte_map_base: 0x0000000011530000

Marking Bits: (ParMarkBitMap*) 0x0000000055ea4970
 Begin Bits: [0x0000000012340000, 0x0000000013b40000)
 End Bits:   [0x0000000013b40000, 0x0000000015340000)

Polling page: 0x00000000023d0000

CodeCache: size=245760Kb used=38121Kb max_used=39361Kb free=207638Kb
 bounds [0x0000000002670000, 0x0000000004d30000, 0x0000000011670000]
 total_blobs=12177 nmethods=11339 adapters=749
 compilation: enabled

Compilation events (10 events):
Event: 3400.754 Thread 0x0000000015fe9000 nmethod 13802 0x00000000047ab250 code [0x00000000047ab3e0, 0x00000000047ab798]
Event: 3400.754 Thread 0x0000000015fe9000 13803       3       java.nio.ByteBufferAsShortBufferL::put (18 bytes)
Event: 3400.754 Thread 0x0000000015fe9000 nmethod 13803 0x00000000047aa750 code [0x00000000047aa900, 0x00000000047aaf68]
Event: 3400.754 Thread 0x0000000015fe9000 13805       3       java.nio.ByteBufferAsShortBufferL::ix (9 bytes)
Event: 3400.755 Thread 0x0000000015fe9000 nmethod 13805 0x0000000004776590 code [0x00000000047766e0, 0x0000000004776830]
Event: 3400.755 Thread 0x0000000015fe9000 13806       3       com.android.tools.r8.code.Instruction::write16BitValue (8 bytes)
Event: 3400.755 Thread 0x0000000015fe9000 nmethod 13806 0x0000000004776110 code [0x0000000004776280, 0x00000000047764a8]
Event: 3400.755 Thread 0x0000000015fe9000 13807       3       com.android.tools.r8.graph.DexTypeList::hashCode (8 bytes)
Event: 3400.755 Thread 0x0000000015fe9000 nmethod 13807 0x0000000004775d90 code [0x0000000004775f00, 0x0000000004776088]
Event: 3400.755 Thread 0x0000000015fe9000 13808       3       com.android.tools.r8.dex.DexOutputBuffer::ensureSpaceFor (80 bytes)

GC Heap History (10 events):
Event: 16.664 GC heap after
Heap after GC invocations=13 (full 2):
 PSYoungGen      total 211456K, used 9798K [0x00000000e0000000, 0x00000000f3c80000, 0x0000000100000000)
  eden space 184832K, 0% used [0x00000000e0000000,0x00000000e0000000,0x00000000eb480000)
  from space 26624K, 36% used [0x00000000eb480000,0x00000000ebe11a68,0x00000000ece80000)
  to   space 25600K, 0% used [0x00000000f2380000,0x00000000f2380000,0x00000000f3c80000)
 ParOldGen       total 101376K, used 49113K [0x00000000a0000000, 0x00000000a6300000, 0x00000000e0000000)
  object space 101376K, 48% used [0x00000000a0000000,0x00000000a2ff6768,0x00000000a6300000)
 Metaspace       used 56957K, capacity 58966K, committed 59008K, reserved 1099776K
  class space    used 7803K, capacity 8312K, committed 8320K, reserved 1048576K
}
Event: 16.664 GC heap before
{Heap before GC invocations=14 (full 3):
 PSYoungGen      total 211456K, used 9798K [0x00000000e0000000, 0x00000000f3c80000, 0x0000000100000000)
  eden space 184832K, 0% used [0x00000000e0000000,0x00000000e0000000,0x00000000eb480000)
  from space 26624K, 36% used [0x00000000eb480000,0x00000000ebe11a68,0x00000000ece80000)
  to   space 25600K, 0% used [0x00000000f2380000,0x00000000f2380000,0x00000000f3c80000)
 ParOldGen       total 101376K, used 49113K [0x00000000a0000000, 0x00000000a6300000, 0x00000000e0000000)
  object space 101376K, 48% used [0x00000000a0000000,0x00000000a2ff6768,0x00000000a6300000)
 Metaspace       used 56957K, capacity 58966K, committed 59008K, reserved 1099776K
  class space    used 7803K, capacity 8312K, committed 8320K, reserved 1048576K
Event: 16.923 GC heap after
Heap after GC invocations=14 (full 3):
 PSYoungGen      total 211456K, used 0K [0x00000000e0000000, 0x00000000f3c80000, 0x0000000100000000)
  eden space 184832K, 0% used [0x00000000e0000000,0x00000000e0000000,0x00000000eb480000)
  from space 26624K, 0% used [0x00000000eb480000,0x00000000eb480000,0x00000000ece80000)
  to   space 25600K, 0% used [0x00000000f2380000,0x00000000f2380000,0x00000000f3c80000)
 ParOldGen       total 145408K, used 46108K [0x00000000a0000000, 0x00000000a8e00000, 0x00000000e0000000)
  object space 145408K, 31% used [0x00000000a0000000,0x00000000a2d070c0,0x00000000a8e00000)
 Metaspace       used 56957K, capacity 58966K, committed 59008K, reserved 1099776K
  class space    used 7803K, capacity 8312K, committed 8320K, reserved 1048576K
}
Event: 3384.218 GC heap before
{Heap before GC invocations=15 (full 3):
 PSYoungGen      total 211456K, used 184832K [0x00000000e0000000, 0x00000000f3c80000, 0x0000000100000000)
  eden space 184832K, 100% used [0x00000000e0000000,0x00000000eb480000,0x00000000eb480000)
  from space 26624K, 0% used [0x00000000eb480000,0x00000000eb480000,0x00000000ece80000)
  to   space 25600K, 0% used [0x00000000f2380000,0x00000000f2380000,0x00000000f3c80000)
 ParOldGen       total 145408K, used 46108K [0x00000000a0000000, 0x00000000a8e00000, 0x00000000e0000000)
  object space 145408K, 31% used [0x00000000a0000000,0x00000000a2d070c0,0x00000000a8e00000)
 Metaspace       used 66682K, capacity 69232K, committed 69504K, reserved 1110016K
  class space    used 8863K, capacity 9495K, committed 9600K, reserved 1048576K
Event: 3384.303 GC heap after
Heap after GC invocations=15 (full 3):
 PSYoungGen      total 276992K, used 16985K [0x00000000e0000000, 0x00000000f3480000, 0x0000000100000000)
  eden space 259584K, 0% used [0x00000000e0000000,0x00000000e0000000,0x00000000efd80000)
  from space 17408K, 97% used [0x00000000f2380000,0x00000000f3416790,0x00000000f3480000)
  to   space 26112K, 0% used [0x00000000f0180000,0x00000000f0180000,0x00000000f1b00000)
 ParOldGen       total 145408K, used 46116K [0x00000000a0000000, 0x00000000a8e00000, 0x00000000e0000000)
  object space 145408K, 31% used [0x00000000a0000000,0x00000000a2d090c0,0x00000000a8e00000)
 Metaspace       used 66682K, capacity 69232K, committed 69504K, reserved 1110016K
  class space    used 8863K, capacity 9495K, committed 9600K, reserved 1048576K
}
Event: 3392.222 GC heap before
{Heap before GC invocations=16 (full 3):
 PSYoungGen      total 276992K, used 276569K [0x00000000e0000000, 0x00000000f3480000, 0x0000000100000000)
  eden space 259584K, 100% used [0x00000000e0000000,0x00000000efd80000,0x00000000efd80000)
  from space 17408K, 97% used [0x00000000f2380000,0x00000000f3416790,0x00000000f3480000)
  to   space 26112K, 0% used [0x00000000f0180000,0x00000000f0180000,0x00000000f1b00000)
 ParOldGen       total 145408K, used 46116K [0x00000000a0000000, 0x00000000a8e00000, 0x00000000e0000000)
  object space 145408K, 31% used [0x00000000a0000000,0x00000000a2d090c0,0x00000000a8e00000)
 Metaspace       used 78382K, capacity 81622K, committed 81664K, reserved 1120256K
  class space    used 10463K, capacity 11246K, committed 11264K, reserved 1048576K
Event: 3392.324 GC heap after
Heap after GC invocations=16 (full 3):
 PSYoungGen      total 289792K, used 26093K [0x00000000e0000000, 0x00000000fa280000, 0x0000000100000000)
  eden space 263680K, 0% used [0x00000000e0000000,0x00000000e0000000,0x00000000f0180000)
  from space 26112K, 99% used [0x00000000f0180000,0x00000000f1afb4b0,0x00000000f1b00000)
  to   space 35328K, 0% used [0x00000000f8000000,0x00000000f8000000,0x00000000fa280000)
 ParOldGen       total 145408K, used 60753K [0x00000000a0000000, 0x00000000a8e00000, 0x00000000e0000000)
  object space 145408K, 41% used [0x00000000a0000000,0x00000000a3b54748,0x00000000a8e00000)
 Metaspace       used 78382K, capacity 81622K, committed 81664K, reserved 1120256K
  class space    used 10463K, capacity 11246K, committed 11264K, reserved 1048576K
}
Event: 3400.756 GC heap before
{Heap before GC invocations=17 (full 3):
 PSYoungGen      total 289792K, used 267322K [0x00000000e0000000, 0x00000000fa280000, 0x0000000100000000)
  eden space 263680K, 91% used [0x00000000e0000000,0x00000000eeb93688,0x00000000f0180000)
  from space 26112K, 99% used [0x00000000f0180000,0x00000000f1afb4b0,0x00000000f1b00000)
  to   space 35328K, 0% used [0x00000000f8000000,0x00000000f8000000,0x00000000fa280000)
 ParOldGen       total 145408K, used 60753K [0x00000000a0000000, 0x00000000a8e00000, 0x00000000e0000000)
  object space 145408K, 41% used [0x00000000a0000000,0x00000000a3b54748,0x00000000a8e00000)
 Metaspace       used 94163K, capacity 98310K, committed 98348K, reserved 1134592K
  class space    used 12344K, capacity 13276K, committed 13312K, reserved 1048576K
Event: 3400.827 GC heap after
Heap after GC invocations=17 (full 3):
 PSYoungGen      total 388096K, used 22069K [0x00000000e0000000, 0x00000000fa080000, 0x0000000100000000)
  eden space 354816K, 0% used [0x00000000e0000000,0x00000000e0000000,0x00000000f5a80000)
  from space 33280K, 66% used [0x00000000f8000000,0x00000000f958d510,0x00000000fa080000)
  to   space 35840K, 0% used [0x00000000f5a80000,0x00000000f5a80000,0x00000000f7d80000)
 ParOldGen       total 145408K, used 73096K [0x00000000a0000000, 0x00000000a8e00000, 0x00000000e0000000)
  object space 145408K, 50% used [0x00000000a0000000,0x00000000a4762180,0x00000000a8e00000)
 Metaspace       used 94163K, capacity 98310K, committed 98348K, reserved 1134592K
  class space    used 12344K, capacity 13276K, committed 13312K, reserved 1048576K
}
Event: 3400.827 GC heap before
{Heap before GC invocations=18 (full 4):
 PSYoungGen      total 388096K, used 22069K [0x00000000e0000000, 0x00000000fa080000, 0x0000000100000000)
  eden space 354816K, 0% used [0x00000000e0000000,0x00000000e0000000,0x00000000f5a80000)
  from space 33280K, 66% used [0x00000000f8000000,0x00000000f958d510,0x00000000fa080000)
  to   space 35840K, 0% used [0x00000000f5a80000,0x00000000f5a80000,0x00000000f7d80000)
 ParOldGen       total 145408K, used 73096K [0x00000000a0000000, 0x00000000a8e00000, 0x00000000e0000000)
  object space 145408K, 50% used [0x00000000a0000000,0x00000000a4762180,0x00000000a8e00000)
 Metaspace       used 94163K, capacity 98310K, committed 98348K, reserved 1134592K
  class space    used 12344K, capacity 13276K, committed 13312K, reserved 1048576K

Deoptimization events (10 events):
Event: 3399.979 Thread 0x000000001be6b800 Uncommon trap: reason=unstable_if action=reinterpret pc=0x00000000041f4c68 method=java.nio.file.FileTreeWalker.getAttributes(Ljava/nio/file/Path;Z)Ljava/nio/file/attribute/BasicFileAttributes; @ 35
Event: 3400.138 Thread 0x000000001be6b800 Uncommon trap: reason=unstable_if action=reinterpret pc=0x0000000004cc7d24 method=java.util.WeakHashMap.remove(Ljava/lang/Object;)Ljava/lang/Object; @ 94
Event: 3400.340 Thread 0x000000001be6d000 Uncommon trap: reason=predicate action=maybe_recompile pc=0x0000000002c4ef78 method=java.util.LinkedList.remove(Ljava/lang/Object;)Z @ 48
Event: 3400.477 Thread 0x000000001be6b000 Uncommon trap: reason=unstable_if action=reinterpret pc=0x0000000002acbbdc method=java.util.concurrent.ConcurrentHashMap.addCount(JI)V @ 34
Event: 3400.503 Thread 0x000000001be6f800 Uncommon trap: reason=unstable_if action=reinterpret pc=0x0000000002ed6c84 method=java.lang.StringBuffer.toString()Ljava/lang/String; @ 4
Event: 3400.503 Thread 0x000000001be6b800 Uncommon trap: reason=unstable_if action=reinterpret pc=0x0000000002ed6c84 method=java.lang.StringBuffer.toString()Ljava/lang/String; @ 4
Event: 3400.508 Thread 0x000000001be6b800 Uncommon trap: reason=array_check action=maybe_recompile pc=0x00000000041d7c90 method=java.util.TimSort.binarySort([Ljava/lang/Object;IIILjava/util/Comparator;)V @ 193
Event: 3400.685 Thread 0x000000001be70000 Uncommon trap: reason=array_check action=maybe_recompile pc=0x00000000041d7c90 method=java.util.TimSort.binarySort([Ljava/lang/Object;IIILjava/util/Comparator;)V @ 193
Event: 3400.686 Thread 0x000000001be6d000 Uncommon trap: reason=array_check action=maybe_recompile pc=0x00000000041d7c90 method=java.util.TimSort.binarySort([Ljava/lang/Object;IIILjava/util/Comparator;)V @ 193
Event: 3400.686 Thread 0x000000001be6d000 Uncommon trap: reason=array_check action=maybe_recompile pc=0x00000000041d7c90 method=java.util.TimSort.binarySort([Ljava/lang/Object;IIILjava/util/Comparator;)V @ 193

Classes redefined (0 events):
No events

Internal exceptions (10 events):
Event: 3398.092 Thread 0x000000001ba62000 Exception <a 'java/lang/NoSuchMethodError': <clinit>> (0x00000000e9df1268) thrown at [D:\src\AOSP-openjdk-cygwin\jdk8u\hotspot\src\share\vm\prims\jni.cpp, line 1613]
Event: 3399.935 Thread 0x000000001be6b800 Exception <a 'java/lang/NoSuchMethodError': java.lang.Object.lambda$and$0(Ljava/util/function/Predicate;Ljava/lang/Object;)Z> (0x00000000ec2f7958) thrown at [D:\src\AOSP-openjdk-cygwin\jdk8u\hotspot\src\share\vm\interpreter\linkResolver.cpp, line 584]
Event: 3399.935 Thread 0x000000001be6f800 Exception <a 'java/lang/NoSuchMethodError': java.lang.Object.lambda$and$0(Ljava/util/function/Predicate;Ljava/lang/Object;)Z> (0x00000000ec3a06d0) thrown at [D:\src\AOSP-openjdk-cygwin\jdk8u\hotspot\src\share\vm\interpreter\linkResolver.cpp, line 584]
Event: 3399.935 Thread 0x000000001ec36000 Exception <a 'java/lang/NoSuchMethodError': java.lang.Object.lambda$and$0(Ljava/util/function/Predicate;Ljava/lang/Object;)Z> (0x00000000ec2b3dc0) thrown at [D:\src\AOSP-openjdk-cygwin\jdk8u\hotspot\src\share\vm\interpreter\linkResolver.cpp, line 584]
Event: 3399.940 Thread 0x000000001ec36000 Exception <a 'java/lang/NoSuchMethodError': java.lang.Object.lambda$static$0(Ljava/lang/String;)Z> (0x00000000ec2b7700) thrown at [D:\src\AOSP-openjdk-cygwin\jdk8u\hotspot\src\share\vm\interpreter\linkResolver.cpp, line 584]
Event: 3400.021 Thread 0x000000001be6b800 Exception <a 'sun/nio/fs/WindowsException'> (0x00000000ec7e9f40) thrown at [D:\src\AOSP-openjdk-cygwin\jdk8u\hotspot\src\share\vm\prims\jni.cpp, line 709]
Event: 3400.021 Thread 0x000000001ec36000 Exception <a 'sun/nio/fs/WindowsException'> (0x00000000ec7b4230) thrown at [D:\src\AOSP-openjdk-cygwin\jdk8u\hotspot\src\share\vm\prims\jni.cpp, line 709]
Event: 3400.071 Thread 0x000000001be6f800 Exception <a 'sun/nio/fs/WindowsException'> (0x00000000ecafe170) thrown at [D:\src\AOSP-openjdk-cygwin\jdk8u\hotspot\src\share\vm\prims\jni.cpp, line 709]
Event: 3400.338 Thread 0x000000001be6c800 Exception <a 'java/lang/NoSuchMethodError': java.lang.Object.lambda$comparingInt$7b0bb60$1(Ljava/util/function/ToIntFunction;Ljava/lang/Object;Ljava/lang/Object;)I> (0x00000000eda8e6c0) thrown at [D:\src\AOSP-openjdk-cygwin\jdk8u\hotspot\src\share\vm\inte
Event: 3400.338 Thread 0x000000001be70000 Exception <a 'java/lang/NoSuchMethodError': java.lang.Object.lambda$comparingInt$7b0bb60$1(Ljava/util/function/ToIntFunction;Ljava/lang/Object;Ljava/lang/Object;)I> (0x00000000ed83e840) thrown at [D:\src\AOSP-openjdk-cygwin\jdk8u\hotspot\src\share\vm\inte

Events (10 events):
Event: 3400.755 loading class com/android/tools/r8/graph/DexString done
Event: 3400.755 loading class com/android/tools/r8/graph/DexString
Event: 3400.755 loading class com/android/tools/r8/graph/DexString done
Event: 3400.755 loading class com/android/tools/r8/dex/FileWriter
Event: 3400.755 loading class com/android/tools/r8/dex/FileWriter done
Event: 3400.755 loading class com/android/tools/r8/dex/FileWriter
Event: 3400.755 loading class com/android/tools/r8/dex/FileWriter done
Event: 3400.756 loading class com/android/tools/r8/dex/FileWriter$Layout
Event: 3400.756 loading class com/android/tools/r8/dex/FileWriter$Layout done
Event: 3400.756 Executing VM operation: CollectForMetadataAllocation


Dynamic libraries:
0x00007ff69a7a0000 - 0x00007ff69a7d1000 	C:\Program Files\Android\Android Studio\jre\bin\java.exe
0x00007ffc349a0000 - 0x00007ffc34b81000 	C:\WINDOWS\SYSTEM32\ntdll.dll
0x00007ffc31e50000 - 0x00007ffc31f02000 	C:\WINDOWS\System32\KERNEL32.DLL
0x00007ffc31530000 - 0x00007ffc317a3000 	C:\WINDOWS\System32\KERNELBASE.dll
0x00007ffc32360000 - 0x00007ffc32401000 	C:\WINDOWS\System32\ADVAPI32.dll
0x00007ffc32440000 - 0x00007ffc324de000 	C:\WINDOWS\System32\msvcrt.dll
0x00007ffc343e0000 - 0x00007ffc3443b000 	C:\WINDOWS\System32\sechost.dll
0x00007ffc345b0000 - 0x00007ffc346d4000 	C:\WINDOWS\System32\RPCRT4.dll
0x00007ffc32840000 - 0x00007ffc329d0000 	C:\WINDOWS\System32\USER32.dll
0x00007ffc317b0000 - 0x00007ffc317d0000 	C:\WINDOWS\System32\win32u.dll
0x00007ffc324e0000 - 0x00007ffc32508000 	C:\WINDOWS\System32\GDI32.dll
0x00007ffc31850000 - 0x00007ffc319e2000 	C:\WINDOWS\System32\gdi32full.dll
0x00007ffc31d90000 - 0x00007ffc31e2f000 	C:\WINDOWS\System32\msvcp_win.dll
0x00007ffc31c90000 - 0x00007ffc31d8a000 	C:\WINDOWS\System32\ucrtbase.dll
0x00007ffc1e5a0000 - 0x00007ffc1e809000 	C:\WINDOWS\WinSxS\amd64_microsoft.windows.common-controls_6595b64144ccf1df_6.0.17134.165_none_fb429645306569ac\COMCTL32.dll
0x00007ffc32510000 - 0x00007ffc32833000 	C:\WINDOWS\System32\combase.dll
0x00007ffc317d0000 - 0x00007ffc3184a000 	C:\WINDOWS\System32\bcryptPrimitives.dll
0x00007ffc32410000 - 0x00007ffc3243d000 	C:\WINDOWS\System32\IMM32.DLL
0x0000000055520000 - 0x00000000555f2000 	C:\Program Files\Android\Android Studio\jre\jre\bin\msvcr100.dll
0x00000000556e0000 - 0x0000000055f1f000 	C:\Program Files\Android\Android Studio\jre\jre\bin\server\jvm.dll
0x00007ffc32f20000 - 0x00007ffc32f28000 	C:\WINDOWS\System32\PSAPI.DLL
0x00007ffc281f0000 - 0x00007ffc281fa000 	C:\WINDOWS\SYSTEM32\VERSION.dll
0x00007ffc2ea80000 - 0x00007ffc2eaa3000 	C:\WINDOWS\SYSTEM32\WINMM.dll
0x00007ffc2d640000 - 0x00007ffc2d649000 	C:\WINDOWS\SYSTEM32\WSOCK32.dll
0x00007ffc34900000 - 0x00007ffc3496c000 	C:\WINDOWS\System32\WS2_32.dll
0x00007ffc2ea00000 - 0x00007ffc2ea2a000 	C:\WINDOWS\SYSTEM32\winmmbase.dll
0x00007ffc30d70000 - 0x00007ffc30db9000 	C:\WINDOWS\System32\cfgmgr32.dll
0x00007ffc2c340000 - 0x00007ffc2c34f000 	C:\Program Files\Android\Android Studio\jre\jre\bin\verify.dll
0x00007ffc286a0000 - 0x00007ffc286c9000 	C:\Program Files\Android\Android Studio\jre\jre\bin\java.dll
0x00007ffc27090000 - 0x00007ffc270a6000 	C:\Program Files\Android\Android Studio\jre\jre\bin\zip.dll
0x00007ffc32fa0000 - 0x00007ffc343e0000 	C:\WINDOWS\System32\SHELL32.dll
0x00007ffc34780000 - 0x00007ffc34829000 	C:\WINDOWS\System32\shcore.dll
0x00007ffc30e20000 - 0x00007ffc3152d000 	C:\WINDOWS\System32\windows.storage.dll
0x00007ffc32f40000 - 0x00007ffc32f91000 	C:\WINDOWS\System32\shlwapi.dll
0x00007ffc30ce0000 - 0x00007ffc30cf1000 	C:\WINDOWS\System32\kernel.appcore.dll
0x00007ffc30cc0000 - 0x00007ffc30cdf000 	C:\WINDOWS\System32\profapi.dll
0x00007ffc30d00000 - 0x00007ffc30d4c000 	C:\WINDOWS\System32\powrprof.dll
0x00007ffc30cb0000 - 0x00007ffc30cba000 	C:\WINDOWS\System32\FLTLIB.DLL
0x00007ffc26f50000 - 0x00007ffc26f6a000 	C:\Program Files\Android\Android Studio\jre\jre\bin\net.dll
0x00007ffc304d0000 - 0x00007ffc30536000 	C:\WINDOWS\system32\mswsock.dll
0x00007ffc24ab0000 - 0x00007ffc24ac1000 	C:\Program Files\Android\Android Studio\jre\jre\bin\nio.dll
0x00007ffc212f0000 - 0x00007ffc2130e000 	C:\Users\EAGLE\.gradle\native\25\windows-amd64\native-platform.dll
0x00007ffc2c320000 - 0x00007ffc2c32d000 	C:\Program Files\Android\Android Studio\jre\jre\bin\management.dll
0x00007ffc30690000 - 0x00007ffc306a7000 	C:\WINDOWS\SYSTEM32\CRYPTSP.dll
0x00007ffc300b0000 - 0x00007ffc300e3000 	C:\WINDOWS\system32\rsaenh.dll
0x00007ffc307b0000 - 0x00007ffc307d5000 	C:\WINDOWS\SYSTEM32\bcrypt.dll
0x00007ffc30be0000 - 0x00007ffc30c08000 	C:\WINDOWS\SYSTEM32\USERENV.dll
0x00007ffc30680000 - 0x00007ffc3068b000 	C:\WINDOWS\SYSTEM32\CRYPTBASE.dll
0x00007ffc30250000 - 0x00007ffc30288000 	C:\WINDOWS\SYSTEM32\IPHLPAPI.DLL
0x00007ffc32f30000 - 0x00007ffc32f38000 	C:\WINDOWS\System32\NSI.dll
0x00007ffc29930000 - 0x00007ffc29946000 	C:\WINDOWS\SYSTEM32\dhcpcsvc6.DLL
0x00007ffc29980000 - 0x00007ffc2999a000 	C:\WINDOWS\SYSTEM32\dhcpcsvc.DLL
0x000000006adc0000 - 0x000000006aeb2000 	C:\Users\EAGLE\AppData\Local\Temp\room-189d5136-cd38-439b-ac67-828249d18d4d\sqlite-3.20.1-6f8171de-33de-4d2e-89da-7ca13a016968-sqlitejdbc.dll
0x00007ffc1d0f0000 - 0x00007ffc1d2b9000 	C:\WINDOWS\SYSTEM32\dbghelp.dll

VM Arguments:
jvm_args: -Xmx1536m -Dfile.encoding=windows-1252 -Duser.country=DE -Duser.language=de -Duser.variant 
java_command: org.gradle.launcher.daemon.bootstrap.GradleDaemon 4.4
java_class_path (initial): C:\Users\EAGLE\.gradle\wrapper\dists\gradle-4.4-all\9br9xq1tocpiv8o6njlyu5op1\gradle-4.4\lib\gradle-launcher-4.4.jar
Launcher Type: SUN_STANDARD

Environment Variables:
PATH=C:\Program Files (x86)\Common Files\Oracle\Java\javapath;C:\Program Files (x86)\Intel\iCLS Client\;C:\Program Files\Intel\iCLS Client\;C:\WINDOWS\system32;C:\WINDOWS;C:\WINDOWS\System32\Wbem;C:\WINDOWS\System32\WindowsPowerShell\v1.0\;C:\Program Files (x86)\Intel\Intel(R) Management Engine Components\DAL;C:\Program Files\Intel\Intel(R) Management Engine Components\DAL;C:\Program Files (x86)\Intel\Intel(R) Management Engine Components\IPT;C:\Program Files\Intel\Intel(R) Management Engine Components\IPT;C:\Program Files (x86)\AOMEI Backupper;C:\Program Files\Git\cmd;C:\sqlite;;C:\WINDOWS\System32\OpenSSH\;C:\Users\EAGLE\AppData\Local\Microsoft\WindowsApps;
USERNAME=EAGLE
OS=Windows_NT
PROCESSOR_IDENTIFIER=Intel64 Family 6 Model 58 Stepping 9, GenuineIntel



---------------  S Y S T E M  ---------------

OS: Windows 10.0 , 64 bit Build 17134 (10.0.17134.1)

CPU:total 4 (initial active 4) (2 cores per cpu, 2 threads per core) family 6 model 58 stepping 9, cmov, cx8, fxsr, mmx, sse, sse2, sse3, ssse3, sse4.1, sse4.2, popcnt, avx, aes, clmul, erms, ht, tsc, tscinvbit, tscinv

Memory: 4k page, physical 8289540k(1557380k free), swap 13158220k(2300396k free)

vm_info: OpenJDK 64-Bit Server VM (25.152-b02) for windows-amd64 JRE (1.8.0_152-release-1024-b02), built by "builder" with MS VC++ 10.0 (VS2010)

time: Thu Aug 02 09:22:41 2018
elapsed time: 3400 seconds (0d 0h 56m 40s)

